2025-03-28 15:09:58.250910 - Received CBT.V508.FILE091.PDS from FILE091.XMI 
2025-03-28 15:09:58.251689 - Found $$$#DATE.txt (text/plain) in CBT.V508.FILE091.PDS, moved to PDS/$$$#DATE
2025-03-28 15:09:58.252263 - Found $$PROSE.txt (text/plain) in CBT.V508.FILE091.PDS, moved to PDS/$$PROSE
2025-03-28 15:09:58.252817 - Found @FILE091.txt (text/plain) in CBT.V508.FILE091.PDS, moved to PDS/@FILE091
2025-03-28 15:09:58.253324 - Found ALGOFC.txt (text/plain) in CBT.V508.FILE091.PDS, moved to PDS/ALGOFC
2025-03-28 15:09:58.253810 - Found ALGOFCG.txt (text/plain) in CBT.V508.FILE091.PDS, moved to PDS/ALGOFCG
2025-03-28 15:09:58.254331 - Found ALGOFCL.txt (text/plain) in CBT.V508.FILE091.PDS, moved to PDS/ALGOFCL
2025-03-28 15:09:58.254919 - Found ALGOFCLG.txt (text/plain) in CBT.V508.FILE091.PDS, moved to PDS/ALGOFCLG
2025-03-28 15:09:58.255417 - Found COBSAMP.jcl (text/plain) in CBT.V508.FILE091.PDS, moved to PDS/COBSAMP
2025-03-28 15:09:58.256128 - Found FORTGC.txt (text/plain) in CBT.V508.FILE091.PDS, moved to PDS/FORTGC
2025-03-28 15:09:58.256583 - Found FORTGCG.txt (text/plain) in CBT.V508.FILE091.PDS, moved to PDS/FORTGCG
2025-03-28 15:09:58.266232 - Found FORTGCL.txt (text/plain) in CBT.V508.FILE091.PDS, moved to PDS/FORTGCL
2025-03-28 15:09:58.267664 - Found FORTGCLG.txt (text/plain) in CBT.V508.FILE091.PDS, moved to PDS/FORTGCLG
2025-03-28 15:09:58.268691 - Found FORTGLG.txt (text/plain) in CBT.V508.FILE091.PDS, moved to PDS/FORTGLG
2025-03-28 15:09:58.269564 - Found FORTHC.txt (text/plain) in CBT.V508.FILE091.PDS, moved to PDS/FORTHC
2025-03-28 15:09:58.270279 - Found FORTHCG.txt (text/plain) in CBT.V508.FILE091.PDS, moved to PDS/FORTHCG
2025-03-28 15:09:58.270873 - Found FORTHCL.txt (text/plain) in CBT.V508.FILE091.PDS, moved to PDS/FORTHCL
2025-03-28 15:09:58.271719 - Found FORTHCLG.txt (text/plain) in CBT.V508.FILE091.PDS, moved to PDS/FORTHCLG
2025-03-28 15:09:58.272400 - Found FORTHLG.txt (text/plain) in CBT.V508.FILE091.PDS, moved to PDS/FORTHLG
2025-03-28 15:09:58.273284 - Found GSPSAMP.jcl (text/plain) in CBT.V508.FILE091.PDS, moved to PDS/GSPSAMP
2025-03-28 15:09:58.273985 - Found IEMSP2.jcl (text/plain) in CBT.V508.FILE091.PDS, moved to PDS/IEMSP2
2025-03-28 15:09:58.274537 - Found IEPSAMP.jcl (text/plain) in CBT.V508.FILE091.PDS, moved to PDS/IEPSAMP
2025-03-28 15:09:58.275170 - Found IEUESP.txt (text/plain) in CBT.V508.FILE091.PDS, moved to PDS/IEUESP
2025-03-28 15:09:58.275903 - Found IEXSAMP.jcl (text/plain) in CBT.V508.FILE091.PDS, moved to PDS/IEXSAMP
2025-03-28 15:09:58.276665 - Found IEYSP.jcl (text/plain) in CBT.V508.FILE091.PDS, moved to PDS/IEYSP
2025-03-28 15:09:58.277388 - Found IKDSAMPL.jcl (text/plain) in CBT.V508.FILE091.PDS, moved to PDS/IKDSAMPL
2025-03-28 15:09:58.277979 - Found IKFSAMP.jcl (text/plain) in CBT.V508.FILE091.PDS, moved to PDS/IKFSAMP
2025-03-28 15:09:58.278633 - Found PL1LFC.txt (text/plain) in CBT.V508.FILE091.PDS, moved to PDS/PL1LFC
2025-03-28 15:09:58.279248 - Found PL1LFCG.txt (text/plain) in CBT.V508.FILE091.PDS, moved to PDS/PL1LFCG
2025-03-28 15:09:58.279902 - Found PL1LFCL.txt (text/plain) in CBT.V508.FILE091.PDS, moved to PDS/PL1LFCL
2025-03-28 15:09:58.280458 - Found PL1LFCLG.txt (text/plain) in CBT.V508.FILE091.PDS, moved to PDS/PL1LFCLG
2025-03-28 15:09:58.281052 - Found PL1LFLG.txt (text/plain) in CBT.V508.FILE091.PDS, moved to PDS/PL1LFLG
2025-03-28 15:09:58.281602 - Found PL1SAMP.txt (text/plain) in CBT.V508.FILE091.PDS, moved to PDS/PL1SAMP
2025-03-28 15:09:58.282115 - Found RPG$GEN.txt (text/plain) in CBT.V508.FILE091.PDS, moved to PDS/RPG$GEN
2025-03-28 15:09:58.282771 - Found RPGEC.txt (text/plain) in CBT.V508.FILE091.PDS, moved to PDS/RPGEC
2025-03-28 15:09:58.284268 - Found RPGECLG.txt (text/plain) in CBT.V508.FILE091.PDS, moved to PDS/RPGECLG
2025-03-28 15:09:58.284964 - Found RPGELG.txt (text/plain) in CBT.V508.FILE091.PDS, moved to PDS/RPGELG
2025-03-28 15:09:58.285569 - Found RPGSAMP.txt (text/plain) in CBT.V508.FILE091.PDS, moved to PDS/RPGSAMP
2025-03-28 15:09:58.286138 - Found RPGSMPL.jcl (text/plain) in CBT.V508.FILE091.PDS, moved to PDS/RPGSMPL
